<?xml version="1.0" encoding="UTF-8"?>
<!-- Generated by org.testng.reporters.JUnitReportReporter -->
<testsuite skipped="0" hostname="myin-ПК" name="home.hr_task.BaseTest" tests="1" failures="0" timestamp="08 окт 2017 17:08:21 GMT" time="8.329" errors="0">
  <testcase name="testEmail" time="8.329" classname="home.hr_task.BaseTest"/>
</testsuite> <!-- home.hr_task.BaseTest -->
